<?xml version="1.0" encoding="UTF-8"?>
<!-- Generated by org.testng.reporters.JUnitReportReporter -->
<testsuite skipped="0" hostname="Puneets-MacBook-Pro.local" name="com.test.papercut.testCases.TC001_VerifyLoginAndDasboardLinks" tests="2" failures="0" timestamp="07 Feb 2019 20:09:51 GMT" time="10.559" errors="0">
  <testcase name="verifyLogin" time="7.919" classname="com.test.papercut.testCases.TC001_VerifyLoginAndDasboardLinks"/>
  <testcase name="verifyDashBoardMenuLinks" time="2.640" classname="com.test.papercut.testCases.TC001_VerifyLoginAndDasboardLinks"/>
</testsuite> <!-- com.test.papercut.testCases.TC001_VerifyLoginAndDasboardLinks -->
